TN:
SF:src/config.ts
FNF:0
FNH:0
DA:3,5
DA:4,5
DA:5,5
DA:7,5
DA:8,5
DA:9,5
DA:13,5
DA:15,5
DA:16,5
DA:19,5
LF:10
LH:10
BRDA:5,0,0,5
BRDA:5,0,1,5
BRDA:7,1,0,5
BRDA:7,1,1,5
BRDA:8,2,0,5
BRDA:8,2,1,5
BRDA:13,3,0,5
BRDA:13,3,1,5
BRDA:13,4,0,0
BRDA:13,4,1,5
BRF:10
BRH:9
end_of_record
TN:
SF:src/server.ts
FN:45,normalizeVersion
FN:49,extractVersion
FN:57,checkVersion
FN:80,startStdio
FN:87,startHttp
FN:93,(anonymous_5)
FN:106,(anonymous_6)
FN:111,(anonymous_7)
FN:116,(anonymous_8)
FNF:9
FNH:0
FNDA:0,normalizeVersion
FNDA:0,extractVersion
FNDA:0,checkVersion
FNDA:0,startStdio
FNDA:0,startHttp
FNDA:0,(anonymous_5)
FNDA:0,(anonymous_6)
FNDA:0,(anonymous_7)
FNDA:0,(anonymous_8)
DA:27,0
DA:28,0
DA:30,0
DA:35,0
DA:36,0
DA:37,0
DA:38,0
DA:39,0
DA:40,0
DA:41,0
DA:42,0
DA:43,0
DA:46,0
DA:50,0
DA:51,0
DA:52,0
DA:54,0
DA:58,0
DA:59,0
DA:60,0
DA:61,0
DA:63,0
DA:64,0
DA:65,0
DA:66,0
DA:67,0
DA:68,0
DA:70,0
DA:73,0
DA:74,0
DA:76,0
DA:81,0
DA:82,0
DA:85,0
DA:88,0
DA:89,0
DA:91,0
DA:92,0
DA:93,0
DA:94,0
DA:95,0
DA:96,0
DA:98,0
DA:100,0
DA:101,0
DA:106,0
DA:107,0
DA:111,0
DA:112,0
DA:113,0
DA:116,0
DA:117,0
DA:121,0
DA:123,0
DA:124,0
DA:125,0
DA:126,0
DA:127,0
DA:128,0
DA:130,0
LF:60
LH:0
BRDA:50,0,0,0
BRDA:50,0,1,0
BRDA:51,1,0,0
BRDA:51,1,1,0
BRDA:51,2,0,0
BRDA:51,2,1,0
BRDA:51,2,2,0
BRDA:60,3,0,0
BRDA:60,3,1,0
BRDA:60,4,0,0
BRDA:60,4,1,0
BRDA:63,5,0,0
BRDA:63,5,1,0
BRDA:65,6,0,0
BRDA:65,6,1,0
BRDA:67,7,0,0
BRDA:67,7,1,0
BRDA:73,8,0,0
BRDA:73,8,1,0
BRDA:76,9,0,0
BRDA:76,9,1,0
BRDA:91,10,0,0
BRDA:91,10,1,0
BRDA:94,11,0,0
BRDA:94,11,1,0
BRDA:100,12,0,0
BRDA:100,12,1,0
BRDA:123,13,0,0
BRDA:123,13,1,0
BRDA:125,14,0,0
BRDA:125,14,1,0
BRDA:127,15,0,0
BRDA:127,15,1,0
BRF:33
BRH:0
end_of_record
TN:
SF:src/coolify/client.ts
FN:4,initializeClient
FNF:1
FNH:0
FNDA:0,initializeClient
DA:5,0
DA:6,0
DA:8,0
DA:9,0
DA:12,0
LF:5
LH:0
BRDA:5,0,0,0
BRDA:5,0,1,0
BRDA:8,1,0,0
BRDA:8,1,1,0
BRF:4
BRH:0
end_of_record
TN:
SF:src/coolify/constants.ts
FNF:0
FNH:0
DA:1,5
DA:3,5
DA:5,5
LF:3
LH:3
BRF:0
BRH:0
end_of_record
TN:
SF:src/tools/batch.ts
FN:15,asString
FN:19,isRunning
FN:29,toAppRefs
FN:32,(anonymous_3)
FN:37,(anonymous_4)
FN:42,collectProjectApplications
FN:52,(anonymous_6)
FN:80,describeApps
FN:81,(anonymous_8)
FN:88,registerBatchTools
FN:97,(anonymous_10)
FN:119,(anonymous_11)
FN:122,(anonymous_12)
FN:128,(anonymous_13)
FN:147,(anonymous_14)
FN:167,(anonymous_15)
FN:196,(anonymous_16)
FN:218,(anonymous_17)
FN:233,(anonymous_18)
FN:254,(anonymous_19)
FN:263,(anonymous_20)
FN:288,(anonymous_21)
FNF:22
FNH:7
FNDA:10,asString
FNDA:4,isRunning
FNDA:1,toAppRefs
FNDA:3,(anonymous_3)
FNDA:3,(anonymous_4)
FNDA:0,collectProjectApplications
FNDA:0,(anonymous_6)
FNDA:2,describeApps
FNDA:12,(anonymous_8)
FNDA:0,registerBatchTools
FNDA:0,(anonymous_10)
FNDA:0,(anonymous_11)
FNDA:0,(anonymous_12)
FNDA:0,(anonymous_13)
FNDA:0,(anonymous_14)
FNDA:0,(anonymous_15)
FNDA:0,(anonymous_16)
FNDA:0,(anonymous_17)
FNDA:0,(anonymous_18)
FNDA:0,(anonymous_19)
FNDA:0,(anonymous_20)
FNDA:0,(anonymous_21)
DA:16,10
DA:20,4
DA:30,1
DA:32,3
DA:37,3
DA:46,0
DA:50,0
DA:53,0
DA:54,0
DA:55,0
DA:61,0
DA:62,0
DA:63,0
DA:64,0
DA:67,0
DA:73,0
DA:74,0
DA:77,0
DA:81,12
DA:82,2
DA:83,2
DA:89,0
DA:99,0
DA:108,0
DA:109,0
DA:110,0
DA:111,0
DA:112,0
DA:113,0
DA:116,0
DA:119,0
DA:122,0
DA:128,0
DA:133,0
DA:140,0
DA:148,0
DA:149,0
DA:153,0
DA:168,0
DA:169,0
DA:170,0
DA:171,0
DA:175,0
DA:180,0
DA:181,0
DA:182,0
DA:183,0
DA:187,0
DA:189,0
DA:196,0
DA:197,0
DA:206,0
DA:219,0
DA:220,0
DA:221,0
DA:222,0
DA:226,0
DA:231,0
DA:233,0
DA:237,0
DA:241,0
DA:255,0
DA:257,0
DA:258,0
DA:260,0
DA:261,0
DA:263,0
DA:264,0
DA:265,0
DA:267,0
DA:272,0
DA:273,0
DA:274,0
DA:275,0
DA:279,0
DA:281,0
DA:288,0
DA:289,0
LF:78
LH:8
BRDA:16,0,0,7
BRDA:16,0,1,3
BRDA:34,1,0,3
BRDA:34,1,1,1
BRDA:50,2,0,0
BRDA:50,2,1,0
BRDA:53,3,0,0
BRDA:53,3,1,0
BRDA:56,4,0,0
BRDA:56,4,1,0
BRDA:63,5,0,0
BRDA:63,5,1,0
BRDA:64,6,0,0
BRDA:64,6,1,0
BRDA:73,7,0,0
BRDA:73,7,1,0
BRDA:73,8,0,0
BRDA:73,8,1,0
BRDA:80,9,0,2
BRDA:83,10,0,1
BRDA:83,10,1,1
BRDA:108,11,0,0
BRDA:108,11,1,0
BRDA:111,12,0,0
BRDA:111,12,1,0
BRDA:112,13,0,0
BRDA:112,13,1,0
BRDA:113,14,0,0
BRDA:113,14,1,0
BRDA:117,15,0,0
BRDA:117,15,1,0
BRDA:120,16,0,0
BRDA:120,16,1,0
BRDA:125,17,0,0
BRDA:125,17,1,0
BRDA:126,18,0,0
BRDA:126,18,1,0
BRDA:129,19,0,0
BRDA:129,19,1,0
BRDA:170,20,0,0
BRDA:170,20,1,0
BRDA:178,21,0,0
BRDA:178,21,1,0
BRDA:192,22,0,0
BRDA:192,22,1,0
BRDA:198,23,0,0
BRDA:198,23,1,0
BRDA:221,24,0,0
BRDA:221,24,1,0
BRDA:229,25,0,0
BRDA:229,25,1,0
BRDA:257,26,0,0
BRDA:257,26,1,0
BRDA:261,27,0,0
BRDA:261,27,1,0
BRDA:264,28,0,0
BRDA:264,28,1,0
BRDA:270,29,0,0
BRDA:270,29,1,0
BRDA:284,30,0,0
BRDA:284,30,1,0
BRDA:290,31,0,0
BRDA:290,31,1,0
BRF:63
BRH:7
end_of_record
TN:
SF:src/tools/common.ts
FN:9,unwrap
FN:28,(anonymous_1)
FN:33,(anonymous_2)
FN:35,(anonymous_3)
FN:41,requireWrite
FN:53,confirmDestructive
FN:81,parseBody
FN:89,(anonymous_7)
FNF:8
FNH:8
FNDA:12,unwrap
FNDA:12,(anonymous_1)
FNDA:1,(anonymous_2)
FNDA:1,(anonymous_3)
FNDA:13,requireWrite
FNDA:6,confirmDestructive
FNDA:6,parseBody
FNDA:4,(anonymous_7)
DA:13,12
DA:14,12
DA:15,0
DA:16,0
DA:17,0
DA:19,12
DA:20,0
DA:21,0
DA:25,12
DA:28,12
DA:33,5
DA:35,5
DA:39,1
DA:42,13
DA:43,0
DA:58,6
DA:59,6
DA:60,5
DA:74,5
DA:75,4
DA:86,6
DA:87,6
DA:88,2
DA:89,4
DA:91,2
DA:93,4
LF:26
LH:20
BRDA:14,0,0,0
BRDA:14,0,1,12
BRDA:16,1,0,0
BRDA:16,1,1,0
BRDA:19,2,0,0
BRDA:19,2,1,12
BRDA:20,3,0,0
BRDA:20,3,1,0
BRDA:39,4,0,1
BRDA:39,4,1,0
BRDA:42,5,0,0
BRDA:42,5,1,13
BRDA:58,6,0,0
BRDA:58,6,1,6
BRDA:59,7,0,1
BRDA:59,7,1,5
BRDA:74,8,0,4
BRDA:74,8,1,1
BRDA:74,9,0,5
BRDA:74,9,1,3
BRDA:87,10,0,2
BRDA:87,10,1,4
BRDA:89,11,0,4
BRDA:89,11,1,0
BRF:24
BRH:14
end_of_record
TN:
SF:src/tools/coolify.ts
FN:33,registerCoolifyTools
FN:48,(anonymous_1)
FN:54,(anonymous_2)
FN:60,(anonymous_3)
FN:86,(anonymous_4)
FN:106,(anonymous_5)
FN:131,(anonymous_6)
FN:136,(anonymous_7)
FN:158,(anonymous_8)
FN:174,(anonymous_9)
FN:196,(anonymous_10)
FN:222,(anonymous_11)
FN:239,(anonymous_12)
FN:261,(anonymous_13)
FN:282,(anonymous_14)
FN:305,(anonymous_15)
FN:308,(anonymous_16)
FN:329,(anonymous_17)
FN:357,(anonymous_18)
FN:360,(anonymous_19)
FN:385,(anonymous_20)
FN:395,(anonymous_21)
FN:421,(anonymous_22)
FN:427,(anonymous_23)
FN:432,(anonymous_24)
FN:436,(anonymous_25)
FN:458,(anonymous_26)
FN:485,(anonymous_27)
FN:505,(anonymous_28)
FN:537,(anonymous_29)
FN:559,(anonymous_30)
FN:578,(anonymous_31)
FN:623,(anonymous_32)
FN:624,(anonymous_33)
FN:644,(anonymous_34)
FN:680,(anonymous_35)
FN:686,(anonymous_36)
FN:752,(anonymous_37)
FN:763,(anonymous_38)
FN:768,(anonymous_39)
FN:784,(anonymous_40)
FN:807,(anonymous_41)
FN:834,(anonymous_42)
FN:851,(anonymous_43)
FN:873,createApplicationByType
FN:971,(anonymous_45)
FN:1013,(anonymous_46)
FN:1038,(anonymous_47)
FN:1063,(anonymous_48)
FN:1080,(anonymous_49)
FN:1097,(anonymous_50)
FN:1122,(anonymous_51)
FN:1127,(anonymous_52)
FN:1151,(anonymous_53)
FNF:54
FNH:0
FNDA:0,registerCoolifyTools
FNDA:0,(anonymous_1)
FNDA:0,(anonymous_2)
FNDA:0,(anonymous_3)
FNDA:0,(anonymous_4)
FNDA:0,(anonymous_5)
FNDA:0,(anonymous_6)
FNDA:0,(anonymous_7)
FNDA:0,(anonymous_8)
FNDA:0,(anonymous_9)
FNDA:0,(anonymous_10)
FNDA:0,(anonymous_11)
FNDA:0,(anonymous_12)
FNDA:0,(anonymous_13)
FNDA:0,(anonymous_14)
FNDA:0,(anonymous_15)
FNDA:0,(anonymous_16)
FNDA:0,(anonymous_17)
FNDA:0,(anonymous_18)
FNDA:0,(anonymous_19)
FNDA:0,(anonymous_20)
FNDA:0,(anonymous_21)
FNDA:0,(anonymous_22)
FNDA:0,(anonymous_23)
FNDA:0,(anonymous_24)
FNDA:0,(anonymous_25)
FNDA:0,(anonymous_26)
FNDA:0,(anonymous_27)
FNDA:0,(anonymous_28)
FNDA:0,(anonymous_29)
FNDA:0,(anonymous_30)
FNDA:0,(anonymous_31)
FNDA:0,(anonymous_32)
FNDA:0,(anonymous_33)
FNDA:0,(anonymous_34)
FNDA:0,(anonymous_35)
FNDA:0,(anonymous_36)
FNDA:0,(anonymous_37)
FNDA:0,(anonymous_38)
FNDA:0,(anonymous_39)
FNDA:0,(anonymous_40)
FNDA:0,(anonymous_41)
FNDA:0,(anonymous_42)
FNDA:0,(anonymous_43)
FNDA:0,createApplicationByType
FNDA:0,(anonymous_45)
FNDA:0,(anonymous_46)
FNDA:0,(anonymous_47)
FNDA:0,(anonymous_48)
FNDA:0,(anonymous_49)
FNDA:0,(anonymous_50)
FNDA:0,(anonymous_51)
FNDA:0,(anonymous_52)
FNDA:0,(anonymous_53)
DA:34,0
DA:49,0
DA:50,0
DA:51,0
DA:52,0
DA:54,0
DA:56,0
DA:59,0
DA:60,0
DA:62,0
DA:63,0
DA:76,0
DA:87,0
DA:88,0
DA:89,0
DA:90,0
DA:99,0
DA:107,0
DA:108,0
DA:112,0
DA:113,0
DA:120,0
DA:132,0
DA:133,0
DA:134,0
DA:135,0
DA:137,0
DA:138,0
DA:141,0
DA:142,0
DA:151,0
DA:159,0
DA:163,0
DA:167,0
DA:175,0
DA:179,0
DA:180,0
DA:186,0
DA:197,0
DA:198,0
DA:202,0
DA:203,0
DA:212,0
DA:223,0
DA:224,0
DA:228,0
DA:232,0
DA:240,0
DA:241,0
DA:246,0
DA:250,0
DA:254,0
DA:262,0
DA:263,0
DA:267,0
DA:268,0
DA:275,0
DA:283,0
DA:287,0
DA:295,0
DA:306,0
DA:307,0
DA:308,0
DA:309,0
DA:310,0
DA:312,0
DA:313,0
DA:322,0
DA:330,0
DA:331,0
DA:335,0
DA:336,0
DA:347,0
DA:358,0
DA:359,0
DA:360,0
DA:361,0
DA:362,0
DA:364,0
DA:365,0
DA:374,0
DA:386,0
DA:387,0
DA:388,0
DA:389,0
DA:390,0
DA:391,0
DA:393,0
DA:394,0
DA:395,0
DA:397,0
DA:398,0
DA:399,0
DA:408,0
DA:422,0
DA:423,0
DA:424,0
DA:425,0
DA:427,0
DA:428,0
DA:430,0
DA:431,0
DA:432,0
DA:434,0
DA:436,0
DA:437,0
DA:438,0
DA:448,0
DA:459,0
DA:460,0
DA:461,0
DA:462,0
DA:464,0
DA:465,0
DA:474,0
DA:486,0
DA:490,0
DA:491,0
DA:495,0
DA:506,0
DA:510,0
DA:511,0
DA:512,0
DA:517,0
DA:518,0
DA:520,0
DA:521,0
DA:528,0
DA:538,0
DA:542,0
DA:543,0
DA:545,0
DA:552,0
DA:560,0
DA:564,0
DA:568,0
DA:579,0
DA:583,0
DA:587,0
DA:624,0
DA:625,0
DA:626,0
DA:628,0
DA:630,0
DA:632,0
DA:636,0
DA:637,0
DA:643,0
DA:644,0
DA:646,0
DA:653,0
DA:654,0
DA:655,0
DA:659,0
DA:662,0
DA:663,0
DA:664,0
DA:668,0
DA:671,0
DA:672,0
DA:673,0
DA:674,0
DA:676,0
DA:680,0
DA:682,0
DA:684,0
DA:685,0
DA:688,0
DA:691,0
DA:695,0
DA:696,0
DA:700,0
DA:702,0
DA:706,0
DA:709,0
DA:710,0
DA:711,0
DA:713,0
DA:720,0
DA:723,0
DA:724,0
DA:725,0
DA:727,0
DA:731,0
DA:737,0
DA:753,0
DA:754,0
DA:755,0
DA:756,0
DA:759,0
DA:762,0
DA:764,0
DA:768,0
DA:769,0
DA:770,0
DA:776,0
DA:777,0
DA:778,0
DA:779,0
DA:780,0
DA:781,0
DA:783,0
DA:784,0
DA:785,0
DA:786,0
DA:787,0
DA:792,0
DA:795,0
DA:796,0
DA:797,0
DA:800,0
DA:801,0
DA:807,0
DA:814,0
DA:815,0
DA:816,0
DA:817,0
DA:821,0
DA:822,0
DA:826,0
DA:827,0
DA:830,0
DA:833,0
DA:834,0
DA:835,0
DA:840,0
DA:844,0
DA:852,0
DA:853,0
DA:864,0
DA:877,0
DA:879,0
DA:890,0
DA:901,0
DA:912,0
DA:923,0
DA:936,0
DA:972,0
DA:973,0
DA:974,0
DA:975,0
DA:976,0
DA:987,0
DA:1014,0
DA:1015,0
DA:1020,0
DA:1024,0
DA:1028,0
DA:1039,0
DA:1040,0
DA:1045,0
DA:1049,0
DA:1053,0
DA:1064,0
DA:1065,0
DA:1069,0
DA:1073,0
DA:1081,0
DA:1082,0
DA:1086,0
DA:1090,0
DA:1098,0
DA:1099,0
DA:1103,0
DA:1111,0
DA:1123,0
DA:1124,0
DA:1125,0
DA:1126,0
DA:1128,0
DA:1129,0
DA:1132,0
DA:1133,0
DA:1134,0
DA:1143,0
DA:1152,0
DA:1153,0
DA:1157,0
DA:1158,0
LF:279
LH:0
BRDA:51,0,0,0
BRDA:51,0,1,0
BRDA:56,1,0,0
BRDA:56,1,1,0
BRDA:59,2,0,0
BRDA:59,2,1,0
BRDA:88,3,0,0
BRDA:88,3,1,0
BRDA:112,4,0,0
BRDA:112,4,1,0
BRDA:114,5,0,0
BRDA:114,5,1,0
BRDA:133,6,0,0
BRDA:133,6,1,0
BRDA:134,7,0,0
BRDA:134,7,1,0
BRDA:135,8,0,0
BRDA:135,8,1,0
BRDA:137,9,0,0
BRDA:137,9,1,0
BRDA:179,10,0,0
BRDA:179,10,1,0
BRDA:202,11,0,0
BRDA:202,11,1,0
BRDA:204,12,0,0
BRDA:204,12,1,0
BRDA:267,13,0,0
BRDA:267,13,1,0
BRDA:269,14,0,0
BRDA:269,14,1,0
BRDA:307,15,0,0
BRDA:307,15,1,0
BRDA:309,16,0,0
BRDA:309,16,1,0
BRDA:335,17,0,0
BRDA:335,17,1,0
BRDA:337,18,0,0
BRDA:337,18,1,0
BRDA:359,19,0,0
BRDA:359,19,1,0
BRDA:361,20,0,0
BRDA:361,20,1,0
BRDA:388,21,0,0
BRDA:388,21,1,0
BRDA:393,22,0,0
BRDA:393,22,1,0
BRDA:394,23,0,0
BRDA:394,23,1,0
BRDA:424,24,0,0
BRDA:424,24,1,0
BRDA:430,25,0,0
BRDA:430,25,1,0
BRDA:431,26,0,0
BRDA:431,26,1,0
BRDA:434,27,0,0
BRDA:434,27,1,0
BRDA:461,28,0,0
BRDA:461,28,1,0
BRDA:490,29,0,0
BRDA:490,29,1,0
BRDA:511,30,0,0
BRDA:511,30,1,0
BRDA:511,31,0,0
BRDA:511,31,1,0
BRDA:514,32,0,0
BRDA:514,32,1,0
BRDA:517,33,0,0
BRDA:517,33,1,0
BRDA:523,34,0,0
BRDA:523,34,1,0
BRDA:542,35,0,0
BRDA:542,35,1,0
BRDA:625,36,0,0
BRDA:625,36,1,0
BRDA:625,37,0,0
BRDA:625,37,1,0
BRDA:630,38,0,0
BRDA:630,38,1,0
BRDA:630,38,2,0
BRDA:630,38,3,0
BRDA:630,38,4,0
BRDA:630,38,5,0
BRDA:636,39,0,0
BRDA:636,39,1,0
BRDA:643,40,0,0
BRDA:643,40,1,0
BRDA:673,41,0,0
BRDA:673,41,1,0
BRDA:680,42,0,0
BRDA:680,42,1,0
BRDA:682,43,0,0
BRDA:682,43,1,0
BRDA:684,44,0,0
BRDA:684,44,1,0
BRDA:688,45,0,0
BRDA:688,45,1,0
BRDA:688,46,0,0
BRDA:688,46,1,0
BRDA:695,47,0,0
BRDA:695,47,1,0
BRDA:710,48,0,0
BRDA:710,48,1,0
BRDA:710,49,0,0
BRDA:710,49,1,0
BRDA:724,50,0,0
BRDA:724,50,1,0
BRDA:755,51,0,0
BRDA:755,51,1,0
BRDA:759,52,0,0
BRDA:759,52,1,0
BRDA:759,53,0,0
BRDA:759,53,1,0
BRDA:764,54,0,0
BRDA:764,54,1,0
BRDA:764,55,0,0
BRDA:764,55,1,0
BRDA:769,56,0,0
BRDA:769,56,1,0
BRDA:776,57,0,0
BRDA:776,57,1,0
BRDA:783,58,0,0
BRDA:783,58,1,0
BRDA:792,59,0,0
BRDA:792,59,1,0
BRDA:792,60,0,0
BRDA:792,60,1,0
BRDA:796,61,0,0
BRDA:796,61,1,0
BRDA:800,62,0,0
BRDA:800,62,1,0
BRDA:816,63,0,0
BRDA:816,63,1,0
BRDA:821,64,0,0
BRDA:821,64,1,0
BRDA:826,65,0,0
BRDA:826,65,1,0
BRDA:835,66,0,0
BRDA:835,66,1,0
BRDA:837,67,0,0
BRDA:837,67,1,0
BRDA:877,68,0,0
BRDA:877,68,1,0
BRDA:877,68,2,0
BRDA:877,68,3,0
BRDA:877,68,4,0
BRDA:973,69,0,0
BRDA:973,69,1,0
BRDA:975,70,0,0
BRDA:975,70,1,0
BRDA:977,71,0,0
BRDA:977,71,1,0
BRDA:1017,72,0,0
BRDA:1017,72,1,0
BRDA:1124,73,0,0
BRDA:1124,73,1,0
BRDA:1125,74,0,0
BRDA:1125,74,1,0
BRDA:1126,75,0,0
BRDA:1126,75,1,0
BRDA:1128,76,0,0
BRDA:1128,76,1,0
BRDA:1157,77,0,0
BRDA:1157,77,1,0
BRDA:1159,78,0,0
BRDA:1159,78,1,0
BRF:165
BRH:0
end_of_record
TN:
SF:src/tools/databases.ts
FN:28,createDatabaseByEngine
FN:113,registerDatabaseTools
FN:138,(anonymous_2)
FN:169,(anonymous_3)
FN:195,(anonymous_4)
FN:220,(anonymous_5)
FN:271,(anonymous_6)
FN:279,(anonymous_7)
FN:404,(anonymous_8)
FN:417,(anonymous_9)
FNF:10
FNH:8
FNDA:2,createDatabaseByEngine
FNDA:2,registerDatabaseTools
FNDA:2,(anonymous_2)
FNDA:0,(anonymous_3)
FNDA:0,(anonymous_4)
FNDA:2,(anonymous_5)
FNDA:2,(anonymous_6)
FNDA:2,(anonymous_7)
FNDA:1,(anonymous_8)
FNDA:1,(anonymous_9)
DA:16,1
DA:32,2
DA:33,2
DA:35,1
DA:46,0
DA:53,0
DA:64,0
DA:75,1
DA:82,0
DA:89,0
DA:100,0
DA:114,2
DA:139,2
DA:140,2
DA:141,2
DA:142,1
DA:143,2
DA:150,2
DA:170,0
DA:171,0
DA:176,0
DA:180,0
DA:184,2
DA:196,0
DA:197,0
DA:202,0
DA:206,0
DA:210,2
DA:221,2
DA:222,2
DA:227,2
DA:231,2
DA:235,2
DA:279,2
DA:280,2
DA:281,2
DA:283,0
DA:285,2
DA:287,0
DA:291,0
DA:294,0
DA:295,0
DA:300,0
DA:304,0
DA:307,1
DA:308,1
DA:312,1
DA:317,1
DA:324,0
DA:327,1
DA:328,1
DA:332,1
DA:338,0
DA:341,0
DA:345,0
DA:351,0
DA:354,0
DA:355,0
DA:359,0
DA:360,0
DA:370,0
DA:376,2
DA:405,1
DA:407,1
DA:411,1
DA:412,0
DA:416,1
DA:417,1
DA:419,1
DA:424,0
DA:425,0
DA:430,0
DA:434,0
DA:437,0
DA:438,0
DA:443,0
DA:447,0
DA:450,0
DA:451,0
DA:452,0
DA:454,0
DA:459,0
DA:463,0
DA:466,0
DA:467,0
DA:468,0
DA:470,0
DA:474,0
LF:88
LH:37
BRDA:33,0,0,1
BRDA:33,0,1,0
BRDA:33,0,2,0
BRDA:33,0,3,0
BRDA:33,0,4,1
BRDA:33,0,5,0
BRDA:33,0,6,0
BRDA:33,0,7,0
BRDA:140,1,0,2
BRDA:140,1,1,1
BRDA:142,2,0,1
BRDA:142,2,1,0
BRDA:144,3,0,1
BRDA:144,3,1,0
BRDA:173,4,0,0
BRDA:173,4,1,0
BRDA:280,5,0,2
BRDA:280,5,1,0
BRDA:285,6,0,0
BRDA:285,6,1,0
BRDA:285,6,2,1
BRDA:285,6,3,1
BRDA:285,6,4,0
BRDA:285,6,5,0
BRDA:297,7,0,0
BRDA:297,7,1,0
BRDA:314,8,0,1
BRDA:314,8,1,0
BRDA:405,9,0,1
BRDA:405,9,1,0
BRDA:405,9,2,0
BRDA:405,9,3,0
BRDA:405,9,4,0
BRDA:411,10,0,0
BRDA:411,10,1,1
BRDA:416,11,0,1
BRDA:416,11,1,0
BRDA:451,12,0,0
BRDA:451,12,1,0
BRDA:451,13,0,0
BRDA:451,13,1,0
BRDA:467,14,0,0
BRDA:467,14,1,0
BRF:43
BRH:13
end_of_record
TN:
SF:src/tools/diagnostics.ts
FN:13,asString
FN:18,matchServer
FN:23,(anonymous_2)
FN:33,buildServerHints
FN:45,(anonymous_4)
FN:59,matchApplication
FN:64,(anonymous_6)
FN:73,buildHints
FN:109,registerDiagnosticsTools
FN:120,(anonymous_9)
FN:129,(anonymous_10)
FN:139,(anonymous_11)
FN:158,(anonymous_12)
FN:175,(anonymous_13)
FN:209,(anonymous_14)
FN:217,(anonymous_15)
FN:218,(anonymous_16)
FN:228,(anonymous_17)
FN:245,(anonymous_18)
FN:259,(anonymous_19)
FNF:20
FNH:8
FNDA:63,asString
FNDA:4,matchServer
FNDA:8,(anonymous_2)
FNDA:3,buildServerHints
FNDA:1,(anonymous_4)
FNDA:6,matchApplication
FNDA:17,(anonymous_6)
FNDA:4,buildHints
FNDA:0,registerDiagnosticsTools
FNDA:0,(anonymous_9)
FNDA:0,(anonymous_10)
FNDA:0,(anonymous_11)
FNDA:0,(anonymous_12)
FNDA:0,(anonymous_13)
FNDA:0,(anonymous_14)
FNDA:0,(anonymous_15)
FNDA:0,(anonymous_16)
FNDA:0,(anonymous_17)
FNDA:0,(anonymous_18)
FNDA:0,(anonymous_19)
DA:14,63
DA:22,4
DA:23,4
DA:24,8
DA:25,8
DA:37,3
DA:38,3
DA:39,1
DA:41,3
DA:42,1
DA:45,1
DA:49,3
DA:50,1
DA:54,3
DA:63,6
DA:64,6
DA:65,17
DA:66,15
DA:67,14
DA:68,13
DA:69,13
DA:78,4
DA:79,4
DA:80,4
DA:81,1
DA:83,4
DA:84,1
DA:88,4
DA:89,0
DA:93,4
DA:94,1
DA:98,4
DA:99,0
DA:103,4
DA:104,1
DA:106,4
DA:110,0
DA:121,0
DA:122,0
DA:126,0
DA:127,0
DA:129,0
DA:131,0
DA:135,0
DA:136,0
DA:140,0
DA:146,0
DA:147,0
DA:148,0
DA:156,0
DA:158,0
DA:159,0
DA:160,0
DA:161,0
DA:162,0
DA:163,0
DA:164,0
DA:165,0
DA:172,0
DA:173,0
DA:175,0
DA:190,0
DA:210,0
DA:211,0
DA:212,0
DA:214,0
DA:215,0
DA:217,0
DA:218,0
DA:220,0
DA:224,0
DA:225,0
DA:229,0
DA:235,0
DA:236,0
DA:237,0
DA:239,0
DA:243,0
DA:246,0
DA:255,0
DA:256,0
DA:259,0
DA:260,0
DA:261,0
DA:267,0
DA:268,0
DA:273,0
DA:274,0
DA:282,0
DA:285,0
DA:291,0
LF:91
LH:34
BRDA:14,0,0,63
BRDA:14,0,1,0
BRDA:24,1,0,0
BRDA:24,1,1,8
BRDA:26,2,0,8
BRDA:26,2,1,7
BRDA:26,2,2,6
BRDA:38,3,0,1
BRDA:38,3,1,2
BRDA:41,4,0,1
BRDA:41,4,1,2
BRDA:49,5,0,1
BRDA:49,5,1,2
BRDA:65,6,0,2
BRDA:65,6,1,15
BRDA:66,7,0,1
BRDA:66,7,1,14
BRDA:67,8,0,1
BRDA:67,8,1,13
BRDA:69,9,0,13
BRDA:69,9,1,10
BRDA:80,10,0,1
BRDA:80,10,1,3
BRDA:83,11,0,1
BRDA:83,11,1,3
BRDA:88,12,0,0
BRDA:88,12,1,4
BRDA:88,13,0,4
BRDA:88,13,1,4
BRDA:93,14,0,1
BRDA:93,14,1,3
BRDA:93,15,0,4
BRDA:93,15,1,3
BRDA:98,16,0,0
BRDA:98,16,1,4
BRDA:98,17,0,4
BRDA:98,17,1,4
BRDA:103,18,0,1
BRDA:103,18,1,3
BRDA:123,19,0,0
BRDA:123,19,1,0
BRDA:126,20,0,0
BRDA:126,20,1,0
BRDA:127,21,0,0
BRDA:127,21,1,0
BRDA:132,22,0,0
BRDA:132,22,1,0
BRDA:135,23,0,0
BRDA:135,23,1,0
BRDA:156,24,0,0
BRDA:156,24,1,0
BRDA:162,25,0,0
BRDA:162,25,1,0
BRDA:163,26,0,0
BRDA:163,26,1,0
BRDA:164,27,0,0
BRDA:164,27,1,0
BRDA:166,28,0,0
BRDA:166,28,1,0
BRDA:174,29,0,0
BRDA:174,29,1,0
BRDA:174,30,0,0
BRDA:174,30,1,0
BRDA:211,31,0,0
BRDA:211,31,1,0
BRDA:214,32,0,0
BRDA:214,32,1,0
BRDA:221,33,0,0
BRDA:221,33,1,0
BRDA:224,34,0,0
BRDA:224,34,1,0
BRDA:237,35,0,0
BRDA:237,35,1,0
BRDA:243,36,0,0
BRDA:243,36,1,0
BRDA:256,37,0,0
BRDA:256,37,1,0
BRDA:260,38,0,0
BRDA:260,38,1,0
BRDA:260,39,0,0
BRDA:260,39,1,0
BRDA:267,40,0,0
BRDA:267,40,1,0
BRDA:277,41,0,0
BRDA:277,41,1,0
BRDA:282,42,0,0
BRDA:282,42,1,0
BRDA:292,43,0,0
BRDA:292,43,1,0
BRDA:292,44,0,0
BRDA:292,44,1,0
BRDA:298,45,0,0
BRDA:298,45,1,0
BRF:93
BRH:35
end_of_record
TN:
SF:src/tools/docs.ts
FN:25,loadIndex
FN:33,scoreDoc
FN:54,makeSnippet
FN:62,searchDocsIndex
FN:70,(anonymous_4)
FN:73,(anonymous_5)
FN:75,(anonymous_6)
FN:76,(anonymous_7)
FN:77,(anonymous_8)
FN:85,(anonymous_9)
FN:93,registerDocsTools
FN:105,(anonymous_11)
FNF:12
FNH:9
FNDA:0,loadIndex
FNDA:480,scoreDoc
FNDA:8,makeSnippet
FNDA:4,searchDocsIndex
FNDA:8,(anonymous_4)
FNDA:4,(anonymous_5)
FNDA:474,(anonymous_6)
FNDA:474,(anonymous_7)
FNDA:40,(anonymous_8)
FNDA:7,(anonymous_9)
FNDA:0,registerDocsTools
FNDA:0,(anonymous_11)
DA:24,1
DA:26,0
DA:27,0
DA:28,0
DA:30,0
DA:38,480
DA:39,480
DA:40,480
DA:41,480
DA:42,480
DA:43,628
DA:44,628
DA:45,628
DA:46,628
DA:47,628
DA:48,628
DA:49,172
DA:51,24
DA:55,8
DA:56,8
DA:57,8
DA:58,8
DA:59,8
DA:67,4
DA:70,8
DA:71,4
DA:73,3
DA:74,4
DA:75,474
DA:76,474
DA:77,40
DA:80,3
DA:81,3
DA:82,1
DA:85,7
DA:94,0
DA:106,0
DA:107,0
LF:38
LH:31
BRDA:26,0,0,0
BRDA:26,0,1,0
BRDA:44,1,0,24
BRDA:44,1,1,604
BRDA:45,2,0,50
BRDA:45,2,1,578
BRDA:48,3,0,456
BRDA:48,3,1,172
BRDA:48,4,0,628
BRDA:48,4,1,462
BRDA:54,5,0,8
BRDA:56,6,0,0
BRDA:56,6,1,8
BRDA:59,7,0,4
BRDA:59,7,1,4
BRDA:59,8,0,6
BRDA:59,8,1,2
BRDA:65,9,0,4
BRDA:71,10,0,1
BRDA:71,10,1,3
BRDA:81,11,0,1
BRDA:81,11,1,2
BRDA:81,12,0,3
BRDA:81,12,1,1
BRDA:106,13,0,0
BRDA:106,13,1,0
BRDA:108,14,0,0
BRDA:108,14,1,0
BRF:28
BRH:21
end_of_record
TN:
SF:src/tools/helpers.ts
FN:6,checkBearerAuth
FN:32,extractErrorMessage
FN:47,isHtmlResponse
FN:54,toRecord
FN:63,isRecord
FN:67,parseMaybeJson
FN:76,normalizeItems
FN:83,normalizeString
FN:87,matchesAnyField
FN:107,paginate
FN:127,pickFields
FN:140,summarizeResource
FN:146,maskEnvValue
FN:151,maskEnvVar
FN:162,hasCredentialInUrl
FN:166,shouldRedactField
FN:178,redactSecrets
FN:179,(anonymous_17)
FN:192,summarizeApplication
FN:200,isTerminalDeploymentStatus
FN:210,extractDeploymentLogTail
FN:217,(anonymous_21)
FN:220,(anonymous_22)
FN:224,summarizeDatabase
FNF:24
FNH:24
FNDA:8,checkBearerAuth
FNDA:5,extractErrorMessage
FNDA:17,isHtmlResponse
FNDA:16,toRecord
FNDA:73,isRecord
FNDA:13,parseMaybeJson
FNDA:6,normalizeItems
FNDA:7,normalizeString
FNDA:6,matchesAnyField
FNDA:8,paginate
FNDA:5,pickFields
FNDA:1,summarizeResource
FNDA:6,maskEnvValue
FNDA:4,maskEnvVar
FNDA:4,hasCredentialInUrl
FNDA:22,shouldRedactField
FNDA:20,redactSecrets
FNDA:2,(anonymous_17)
FNDA:3,summarizeApplication
FNDA:5,isTerminalDeploymentStatus
FNDA:4,extractDeploymentLogTail
FNDA:6,(anonymous_21)
FNDA:6,(anonymous_22)
FNDA:1,summarizeDatabase
DA:10,8
DA:11,7
DA:12,7
DA:13,4
DA:14,4
DA:15,4
DA:16,2
DA:19,6
DA:20,6
DA:26,6
DA:27,6
DA:29,6
DA:30,6
DA:33,5
DA:34,4
DA:35,3
DA:36,1
DA:38,2
DA:39,2
DA:41,1
DA:44,1
DA:48,17
DA:49,3
DA:50,3
DA:55,16
DA:56,15
DA:57,13
DA:60,2
DA:64,73
DA:68,13
DA:69,8
DA:70,8
DA:72,3
DA:77,6
DA:78,6
DA:79,4
DA:80,2
DA:84,7
DA:92,6
DA:93,5
DA:94,4
DA:95,4
DA:96,4
DA:97,4
DA:98,2
DA:100,2
DA:101,1
DA:104,1
DA:108,8
DA:109,8
DA:110,2
DA:117,6
DA:118,6
DA:131,5
DA:132,5
DA:133,24
DA:134,8
DA:137,5
DA:141,1
DA:142,1
DA:143,1
DA:147,6
DA:148,3
DA:152,4
DA:153,3
DA:154,4
DA:163,4
DA:167,22
DA:168,12
DA:173,1
DA:175,11
DA:179,20
DA:180,19
DA:181,7
DA:182,7
DA:183,19
DA:184,9
DA:185,9
DA:187,10
DA:189,7
DA:193,3
DA:194,2
DA:195,2
DA:201,5
DA:202,5
DA:214,4
DA:215,4
DA:216,2
DA:218,6
DA:220,6
DA:225,1
DA:226,1
DA:236,1
LF:93
LH:93
BRDA:10,0,0,1
BRDA:10,0,1,7
BRDA:12,1,0,3
BRDA:12,1,1,4
BRDA:15,2,0,2
BRDA:15,2,1,2
BRDA:33,3,0,1
BRDA:33,3,1,4
BRDA:34,4,0,3
BRDA:34,4,1,1
BRDA:34,5,0,4
BRDA:34,5,1,3
BRDA:35,6,0,1
BRDA:35,6,1,2
BRDA:48,7,0,14
BRDA:48,7,1,3
BRDA:50,8,0,3
BRDA:50,8,1,2
BRDA:55,9,0,1
BRDA:55,9,1,15
BRDA:55,10,0,16
BRDA:55,10,1,15
BRDA:56,11,0,13
BRDA:56,11,1,2
BRDA:56,12,0,15
BRDA:56,12,1,14
BRDA:64,13,0,73
BRDA:64,13,1,55
BRDA:64,13,2,54
BRDA:68,14,0,5
BRDA:68,14,1,8
BRDA:78,15,0,2
BRDA:78,15,1,4
BRDA:79,16,0,2
BRDA:79,16,1,2
BRDA:79,17,0,4
BRDA:79,17,1,3
BRDA:92,18,0,1
BRDA:92,18,1,5
BRDA:93,19,0,1
BRDA:93,19,1,4
BRDA:97,20,0,2
BRDA:97,20,1,2
BRDA:97,21,0,4
BRDA:97,21,1,3
BRDA:100,22,0,1
BRDA:100,22,1,1
BRDA:100,23,0,2
BRDA:100,23,1,1
BRDA:108,24,0,8
BRDA:108,24,1,5
BRDA:109,25,0,2
BRDA:109,25,1,6
BRDA:133,26,0,8
BRDA:133,26,1,16
BRDA:141,27,0,0
BRDA:141,27,1,1
BRDA:143,28,0,1
BRDA:143,28,1,0
BRDA:147,29,0,3
BRDA:147,29,1,3
BRDA:147,30,0,6
BRDA:147,30,1,3
BRDA:152,31,0,1
BRDA:152,31,1,3
BRDA:153,32,0,3
BRDA:153,32,1,1
BRDA:158,33,0,2
BRDA:158,33,1,1
BRDA:167,34,0,10
BRDA:167,34,1,12
BRDA:168,35,0,1
BRDA:168,35,1,11
BRDA:169,36,0,12
BRDA:169,36,1,2
BRDA:169,36,2,2
BRDA:179,37,0,1
BRDA:179,37,1,19
BRDA:180,38,0,12
BRDA:180,38,1,7
BRDA:183,39,0,9
BRDA:183,39,1,10
BRDA:193,40,0,1
BRDA:193,40,1,2
BRDA:195,41,0,1
BRDA:195,41,1,1
BRDA:203,42,0,5
BRDA:203,42,1,4
BRDA:203,42,2,3
BRDA:212,43,0,4
BRDA:215,44,0,2
BRDA:215,44,1,2
BRDA:218,45,0,6
BRDA:218,45,1,0
BRDA:218,46,0,6
BRDA:218,46,1,6
BRDA:220,47,0,6
BRDA:220,47,1,6
BRDA:225,48,0,0
BRDA:225,48,1,1
BRDA:236,49,0,1
BRDA:236,49,1,0
BRF:102
BRH:97
end_of_record
TN:
SF:src/tools/infra.ts
FN:15,registerInfraTools
FN:36,(anonymous_1)
FN:58,(anonymous_2)
FN:81,(anonymous_3)
FN:97,(anonymous_4)
FN:117,(anonymous_5)
FN:140,(anonymous_6)
FN:155,(anonymous_7)
FN:177,(anonymous_8)
FN:197,(anonymous_9)
FNF:10
FNH:3
FNDA:2,registerInfraTools
FNDA:0,(anonymous_1)
FNDA:0,(anonymous_2)
FNDA:0,(anonymous_3)
FNDA:0,(anonymous_4)
FNDA:2,(anonymous_5)
FNDA:0,(anonymous_6)
FNDA:0,(anonymous_7)
FNDA:0,(anonymous_8)
FNDA:1,(anonymous_9)
DA:16,2
DA:37,0
DA:38,0
DA:43,0
DA:47,0
DA:51,2
DA:59,0
DA:60,0
DA:65,0
DA:69,0
DA:73,2
DA:82,0
DA:86,0
DA:90,2
DA:98,0
DA:102,0
DA:106,2
DA:118,2
DA:122,2
DA:123,1
DA:125,1
DA:132,2
DA:141,0
DA:142,0
DA:143,0
DA:147,2
DA:156,0
DA:157,0
DA:162,0
DA:166,0
DA:170,2
DA:178,0
DA:182,0
DA:186,2
DA:198,1
DA:202,1
LF:36
LH:15
BRDA:40,0,0,0
BRDA:40,0,1,0
BRDA:122,1,0,1
BRDA:122,1,1,1
BRF:4
BRH:2
end_of_record
TN:
SF:src/tools/resources.ts
FN:7,registerResourceTools
FN:33,(anonymous_1)
FN:129,(anonymous_2)
FN:131,(anonymous_3)
FN:222,(anonymous_4)
FN:223,(anonymous_5)
FN:268,(anonymous_6)
FNF:7
FNH:6
FNDA:2,registerResourceTools
FNDA:3,(anonymous_1)
FNDA:1,(anonymous_2)
FNDA:1,(anonymous_3)
FNDA:2,(anonymous_4)
FNDA:1,(anonymous_5)
FNDA:0,(anonymous_6)
DA:8,2
DA:34,3
DA:35,3
DA:37,0
DA:42,0
DA:43,0
DA:46,2
DA:47,2
DA:52,2
DA:57,2
DA:58,2
DA:62,1
DA:65,1
DA:66,1
DA:67,0
DA:69,1
DA:74,1
DA:79,1
DA:84,1
DA:88,1
DA:91,0
DA:92,0
DA:93,0
DA:95,0
DA:100,0
DA:104,0
DA:110,2
DA:130,1
DA:131,1
DA:132,1
DA:133,0
DA:135,1
DA:137,0
DA:141,0
DA:142,0
DA:145,0
DA:146,0
DA:150,0
DA:154,0
DA:155,0
DA:159,0
DA:162,0
DA:163,0
DA:164,0
DA:168,0
DA:172,0
DA:173,0
DA:180,0
DA:183,1
DA:184,1
DA:185,1
DA:189,1
DA:193,0
DA:196,0
DA:197,0
DA:201,0
DA:205,0
DA:211,2
DA:223,2
DA:224,1
DA:225,0
DA:227,2
DA:229,0
DA:231,1
DA:236,0
DA:241,1
DA:246,0
DA:257,2
DA:269,0
DA:270,0
DA:276,0
LF:71
LH:32
BRDA:35,0,0,0
BRDA:35,0,1,2
BRDA:35,0,2,1
BRDA:35,0,3,0
BRDA:66,1,0,0
BRDA:66,1,1,1
BRDA:92,2,0,0
BRDA:92,2,1,0
BRDA:132,3,0,1
BRDA:132,3,1,0
BRDA:135,4,0,0
BRDA:135,4,1,0
BRDA:135,4,2,0
BRDA:135,4,3,1
BRDA:135,4,4,0
BRDA:224,5,0,1
BRDA:224,5,1,0
BRDA:227,6,0,0
BRDA:227,6,1,1
BRDA:227,6,2,0
BRDA:227,6,3,1
BRDA:227,6,4,0
BRF:22
BRH:8
end_of_record
TN:
SF:src/tools/services.ts
FN:15,registerServiceTools
FN:27,(anonymous_1)
FN:59,(anonymous_2)
FN:85,(anonymous_3)
FN:110,(anonymous_4)
FN:153,(anonymous_5)
FN:166,(anonymous_6)
FNF:7
FNH:3
FNDA:2,registerServiceTools
FNDA:0,(anonymous_1)
FNDA:0,(anonymous_2)
FNDA:0,(anonymous_3)
FNDA:1,(anonymous_4)
FNDA:2,(anonymous_5)
FNDA:0,(anonymous_6)
DA:16,2
DA:28,0
DA:32,0
DA:33,0
DA:35,0
DA:42,2
DA:60,0
DA:61,0
DA:66,0
DA:70,0
DA:74,2
DA:86,0
DA:87,0
DA:92,0
DA:96,0
DA:100,2
DA:111,1
DA:112,1
DA:117,1
DA:121,1
DA:125,2
DA:154,2
DA:156,0
DA:160,0
DA:161,0
DA:165,0
DA:166,0
DA:168,0
DA:173,0
DA:174,0
DA:179,0
DA:183,0
DA:186,0
DA:187,0
DA:192,0
DA:196,0
DA:199,2
DA:200,2
DA:201,1
DA:203,1
DA:208,1
DA:212,1
DA:215,0
DA:216,0
DA:217,0
DA:219,0
DA:223,0
LF:47
LH:16
BRDA:32,0,0,0
BRDA:32,0,1,0
BRDA:63,1,0,0
BRDA:63,1,1,0
BRDA:154,2,0,0
BRDA:154,2,1,0
BRDA:154,2,2,0
BRDA:154,2,3,2
BRDA:154,2,4,0
BRDA:160,3,0,0
BRDA:160,3,1,0
BRDA:165,4,0,0
BRDA:165,4,1,0
BRDA:200,5,0,1
BRDA:200,5,1,1
BRDA:200,6,0,2
BRDA:200,6,1,1
BRDA:216,7,0,0
BRDA:216,7,1,0
BRF:19
BRH:5
end_of_record
